[    0.000000] Initializing cgroup subsys cpuset
[    0.000000] Initializing cgroup subsys cpu
[    0.000000] Initializing cgroup subsys cpuacct
[    0.000000] Linux version 4.4.0-210-generic (buildd@lgw01-amd64-009) (gcc version 5.4.0 20160609 (Ubuntu 5.4.0-6ubuntu1~16.04.12) ) #242-Ubuntu SMP Fri Apr 16 09:57:56 UTC 2021 (Ubuntu 4.4.0-210.242-generic 4.4.262)
[    0.000000] Command line: BOOT_IMAGE=/boot/vmlinuz-4.4.0-210-generic root=LABEL=cloudimg-rootfs ro console=tty1 console=ttyS0
[    0.000000] KERNEL supported cpus:
[    0.000000]   Intel GenuineIntel
[    0.000000]   AMD AuthenticAMD
[    0.000000]   Centaur CentaurHauls
[    0.000000] x86/fpu: Legacy x87 FPU detected.
[    0.000000] e820: BIOS-provided physical RAM map:
[    0.000000] BIOS-e820: [mem 0x0000000000000000-0x000000000009fbff] usable
[    0.000000] BIOS-e820: [mem 0x000000000009fc00-0x000000000009ffff] reserved
[    0.000000] BIOS-e820: [mem 0x00000000000f0000-0x00000000000fffff] reserved
[    0.000000] BIOS-e820: [mem 0x0000000000100000-0x000000003ffeffff] usable
[    0.000000] BIOS-e820: [mem 0x000000003fff0000-0x000000003fffffff] ACPI data
[    0.000000] BIOS-e820: [mem 0x00000000fec00000-0x00000000fec00fff] reserved
[    0.000000] BIOS-e820: [mem 0x00000000fee00000-0x00000000fee00fff] reserved
[    0.000000] BIOS-e820: [mem 0x00000000fffc0000-0x00000000ffffffff] reserved
[    0.000000] NX (Execute Disable) protection: active
[    0.000000] SMBIOS 2.5 present.
[    0.000000] Hypervisor detected: KVM
[    0.000000] Kernel/User page tables isolation: disabled
[    0.000000] e820: last_pfn = 0x3fff0 max_arch_pfn = 0x400000000
[    0.000000] MTRR: Disabled
[    0.000000] x86/PAT: MTRRs disabled, skipping PAT initialization too.
[    0.000000] CPU MTRRs all blank - virtualized system.
[    0.000000] x86/PAT: Configuration [0-7]: WB  WT  UC- UC  WB  WT  UC- UC  
[    0.000000] found SMP MP-table at [mem 0x0009fff0-0x0009ffff] mapped at [ffff88000009fff0]
[    0.000000] Scanning 1 areas for low memory corruption
[    0.000000] RAMDISK: [mem 0x362dc000-0x37165fff]
[    0.000000] ACPI: Early table checksum verification disabled
[    0.000000] ACPI: RSDP 0x00000000000E0000 000024 (v02 VBOX  )
[    0.000000] ACPI: XSDT 0x000000003FFF0030 00003C (v01 VBOX   VBOXXSDT 00000001 ASL  00000061)
[    0.000000] ACPI: FACP 0x000000003FFF00F0 0000F4 (v04 VBOX   VBOXFACP 00000001 ASL  00000061)
[    0.000000] ACPI: DSDT 0x000000003FFF0610 002353 (v02 VBOX   VBOXBIOS 00000002 INTL 20100528)
[    0.000000] ACPI: FACS 0x000000003FFF0200 000040
[    0.000000] ACPI: FACS 0x000000003FFF0200 000040
[    0.000000] ACPI: APIC 0x000000003FFF0240 00005C (v02 VBOX   VBOXAPIC 00000001 ASL  00000061)
[    0.000000] ACPI: SSDT 0x000000003FFF02A0 00036C (v01 VBOX   VBOXCPUT 00000002 INTL 20100528)
[    0.000000] No NUMA configuration found
[    0.000000] Faking a node at [mem 0x0000000000000000-0x000000003ffeffff]
[    0.000000] NODE_DATA(0) allocated [mem 0x3ffeb000-0x3ffeffff]
[    0.000000] kvm-clock: Using msrs 4b564d01 and 4b564d00
[    0.000000] kvm-clock: cpu 0, msr 0:3ffe3001, primary cpu clock
[    0.000000] kvm-clock: using sched offset of 5104093328 cycles
[    0.000000] clocksource: kvm-clock: mask: 0xffffffffffffffff max_cycles: 0x1cd42e4dffb, max_idle_ns: 881590591483 ns
[    0.000000] Zone ranges:
[    0.000000]   DMA      [mem 0x0000000000001000-0x0000000000ffffff]
[    0.000000]   DMA32    [mem 0x0000000001000000-0x000000003ffeffff]
[    0.000000]   Normal   empty
[    0.000000]   Device   empty
[    0.000000] Movable zone start for each node
[    0.000000] Early memory node ranges
[    0.000000]   node   0: [mem 0x0000000000001000-0x000000000009efff]
[    0.000000]   node   0: [mem 0x0000000000100000-0x000000003ffeffff]
[    0.000000] Initmem setup node 0 [mem 0x0000000000001000-0x000000003ffeffff]
[    0.000000] ACPI: PM-Timer IO Port: 0x4008
[    0.000000] IOAPIC[0]: apic_id 2, version 32, address 0xfec00000, GSI 0-23
[    0.000000] ACPI: INT_SRC_OVR (bus 0 bus_irq 0 global_irq 2 dfl dfl)
[    0.000000] ACPI: INT_SRC_OVR (bus 0 bus_irq 9 global_irq 9 low level)
[    0.000000] Using ACPI (MADT) for SMP configuration information
[    0.000000] smpboot: Allowing 2 CPUs, 0 hotplug CPUs
[    0.000000] PM: Registered nosave memory: [mem 0x00000000-0x00000fff]
[    0.000000] PM: Registered nosave memory: [mem 0x0009f000-0x0009ffff]
[    0.000000] PM: Registered nosave memory: [mem 0x000a0000-0x000effff]
[    0.000000] PM: Registered nosave memory: [mem 0x000f0000-0x000fffff]
[    0.000000] e820: [mem 0x40000000-0xfebfffff] available for PCI devices
[    0.000000] Booting paravirtualized kernel on KVM
[    0.000000] clocksource: refined-jiffies: mask: 0xffffffff max_cycles: 0xffffffff, max_idle_ns: 7645519600211568 ns
[    0.000000] setup_percpu: NR_CPUS:512 nr_cpumask_bits:512 nr_cpu_ids:2 nr_node_ids:1
[    0.000000] PERCPU: Embedded 33 pages/cpu @ffff88003fc00000 s95192 r8192 d31784 u1048576
[    0.000000] Built 1 zonelists in Node order, mobility grouping on.  Total pages: 257912
[    0.000000] Policy zone: DMA32
[    0.000000] Kernel command line: BOOT_IMAGE=/boot/vmlinuz-4.4.0-210-generic root=LABEL=cloudimg-rootfs ro console=tty1 console=ttyS0
[    0.000000] PID hash table entries: 4096 (order: 3, 32768 bytes)
[    0.000000] Memory: 997792K/1048120K available (8644K kernel code, 1332K rwdata, 4044K rodata, 1492K init, 1164K bss, 50328K reserved, 0K cma-reserved)
[    0.000000] SLUB: HWalign=64, Order=0-3, MinObjects=0, CPUs=2, Nodes=1
[    0.000000] Hierarchical RCU implementation.
[    0.000000] 	Build-time adjustment of leaf fanout to 64.
[    0.000000] 	RCU restricting CPUs from NR_CPUS=512 to nr_cpu_ids=2.
[    0.000000] RCU: Adjusting geometry for rcu_fanout_leaf=64, nr_cpu_ids=2
[    0.000000] NR_IRQS:33024 nr_irqs:440 16
[    0.000000] Console: colour VGA+ 80x25
[    0.000000] console [tty1] enabled
[    0.000000] console [ttyS0] enabled
[    0.000000] tsc: Detected 2304.006 MHz processor
[    1.768334] Calibrating delay loop (skipped) preset value.. 4608.01 BogoMIPS (lpj=9216024)
[    1.806436] pid_max: default: 32768 minimum: 301
[    1.828785] ACPI: Core revision 20150930
[    1.853731] ACPI: 2 ACPI AML tables successfully acquired and loaded
[    1.891455] Security Framework initialized
[    1.915753] Yama: becoming mindful.
[    1.933564] AppArmor: AppArmor initialized
[    1.953567] Dentry cache hash table entries: 131072 (order: 8, 1048576 bytes)
[    2.000236] Inode-cache hash table entries: 65536 (order: 7, 524288 bytes)
[    2.035912] Mount-cache hash table entries: 2048 (order: 2, 16384 bytes)
[    2.062305] Mountpoint-cache hash table entries: 2048 (order: 2, 16384 bytes)
[    2.092535] Initializing cgroup subsys io
[    2.108500] Initializing cgroup subsys memory
[    2.126553] Initializing cgroup subsys devices
[    2.143074] Initializing cgroup subsys freezer
[    2.160228] Initializing cgroup subsys net_cls
[    2.179004] Initializing cgroup subsys perf_event
[    2.207704] Initializing cgroup subsys net_prio
[    2.227314] Initializing cgroup subsys hugetlb
[    2.244513] Initializing cgroup subsys pids
[    2.295911] mce: CPU supports 0 MCE banks
[    2.311679] Last level iTLB entries: 4KB 64, 2MB 8, 4MB 8
[    2.332491] Last level dTLB entries: 4KB 64, 2MB 0, 4MB 0, 1GB 4
[    2.355441] Spectre V1 : Mitigation: usercopy/swapgs barriers and __user pointer sanitization
[    2.391022] Spectre V2 : Mitigation: Enhanced IBRS
[    2.409849] Spectre V2 : Spectre v2 / SpectreRSB mitigation: Filling RSB on context switch
[    2.440385] Speculative Store Bypass: Vulnerable
[    2.457718] SRBDS: Mitigation: TSX disabled
[    2.566952] Freeing SMP alternatives memory: 36K
[    2.748804] ftrace: allocating 32380 entries in 127 pages
[    4.068685] smpboot: APIC(0) Converting physical 0 to logical package 0
[    4.104796] smpboot: Max logical packages: 1
[    4.179906] ..TIMER: vector=0x30 apic1=0 pin1=2 apic2=-1 pin2=-1
[    4.312792] smpboot: CPU0: Intel(R) Core(TM) i7-10510U CPU @ 1.80GHz (family: 0x6, model: 0x8e, stepping: 0xc)
[    4.349395] Performance Events: unsupported p6 CPU model 142 no PMU driver, software events only.
[    4.677994] KVM setup paravirtual spinlock
[    4.700517] x86: Booting SMP configuration:
[    4.716362] .... node  #0, CPUs:      #1
[    4.735580] kvm-clock: cpu 1, msr 0:3ffe3041, secondary cpu clock
[    4.797085] mce: CPU supports 0 MCE banks
[    4.809880] x86: Booted up 1 node, 2 CPUs
[    4.823708] smpboot: Total of 2 processors activated (9216.02 BogoMIPS)
[    4.855114] devtmpfs: initialized
[    4.873823] evm: security.selinux
[    4.885229] evm: security.SMACK64
[    4.896955] evm: security.SMACK64EXEC
[    4.910872] evm: security.SMACK64TRANSMUTE
[    4.926284] evm: security.SMACK64MMAP
[    4.937988] evm: security.ima
[    4.948567] evm: security.capability
[    4.963189] clocksource: jiffies: mask: 0xffffffff max_cycles: 0xffffffff, max_idle_ns: 7645041785100000 ns
[    4.997755] futex hash table entries: 512 (order: 3, 32768 bytes)
[    5.020656] pinctrl core: initialized pinctrl subsystem
[    5.039394] RTC time: 13:39:07, date: 02/27/23
[    5.057929] NET: Registered protocol family 16
[    5.084486] cpuidle: using governor ladder
[    5.106668] cpuidle: using governor menu
[    5.121134] PCCT header not found.
[    5.132550] ACPI: bus type PCI registered
[    5.145033] acpiphp: ACPI Hot Plug PCI Controller Driver version: 0.5
[    5.167574] PCI: Using configuration type 1 for base access
[    5.213314] ACPI: Added _OSI(Module Device)
[    5.228449] ACPI: Added _OSI(Processor Device)
[    5.243943] ACPI: Added _OSI(3.0 _SCP Extensions)
[    5.259667] ACPI: Added _OSI(Processor Aggregator Device)
[    5.281306] ACPI: Executed 1 blocks of module-level executable AML code
[    5.317394] ACPI: Interpreter enabled
[    5.332854] ACPI: (supports S0 S5)
[    5.346472] ACPI: Using IOAPIC for interrupt routing
[    5.367136] PCI: Using host bridge windows from ACPI; if necessary, use "pci=nocrs" and report a bug
[    5.430520] ACPI: PCI Root Bridge [PCI0] (domain 0000 [bus 00-ff])
[    5.451328] acpi PNP0A03:00: _OSC: OS supports [ASPM ClockPM Segments MSI]
[    5.475852] acpi PNP0A03:00: _OSC: not requesting OS control; OS requires [ExtendedConfig ASPM ClockPM MSI]
[    5.505779] acpi PNP0A03:00: fail to add MMCONFIG information, can't access extended PCI configuration space under this bridge.
[    5.547753] PCI host bridge to bus 0000:00
[    5.560748] pci_bus 0000:00: root bus resource [io  0x0000-0x0cf7 window]
[    5.582162] pci_bus 0000:00: root bus resource [io  0x0d00-0xffff window]
[    5.608707] pci_bus 0000:00: root bus resource [mem 0x000a0000-0x000bffff window]
[    5.635343] pci_bus 0000:00: root bus resource [mem 0x40000000-0xfdffffff window]
[    5.661795] pci_bus 0000:00: root bus resource [bus 00-ff]
[    5.702886] pci 0000:00:01.1: legacy IDE quirk: reg 0x10: [io  0x01f0-0x01f7]
[    5.728162] pci 0000:00:01.1: legacy IDE quirk: reg 0x14: [io  0x03f6]
[    5.749582] pci 0000:00:01.1: legacy IDE quirk: reg 0x18: [io  0x0170-0x0177]
[    5.772829] pci 0000:00:01.1: legacy IDE quirk: reg 0x1c: [io  0x0376]
[    5.875101] pci 0000:00:07.0: quirk: [io  0x4000-0x403f] claimed by PIIX4 ACPI
[    5.909041] pci 0000:00:07.0: quirk: [io  0x4100-0x410f] claimed by PIIX4 SMB
[    5.988486] ACPI: PCI Interrupt Link [LNKA] (IRQs 5 9 10 *11)
[    6.022793] ACPI: PCI Interrupt Link [LNKB] (IRQs 5 9 *10 11)
[    6.045522] ACPI: PCI Interrupt Link [LNKC] (IRQs 5 *9 10 11)
[    6.066972] ACPI: PCI Interrupt Link [LNKD] (IRQs 5 9 10 *11)
[    6.087287] ACPI: Enabled 2 GPEs in block 00 to 07
[    6.150856] vgaarb: setting as boot device: PCI:0000:00:02.0
[    6.165360] vgaarb: device added: PCI:0000:00:02.0,decodes=io+mem,owns=io+mem,locks=none
[    6.184285] vgaarb: loaded
[    6.191119] vgaarb: bridge control possible 0000:00:02.0
[    6.205323] SCSI subsystem initialized
[    6.217723] ACPI: bus type USB registered
[    6.227462] usbcore: registered new interface driver usbfs
[    6.240017] usbcore: registered new interface driver hub
[    6.253753] usbcore: registered new device driver usb
[    6.269869] PCI: Using ACPI for IRQ routing
[    6.283841] NetLabel: Initializing
[    6.294237] NetLabel:  domain hash size = 128
[    6.305582] NetLabel:  protocols = UNLABELED CIPSOv4
[    6.317998] NetLabel:  unlabeled traffic allowed by default
[    6.332580] amd_nb: Cannot enumerate AMD northbridges
[    6.346426] clocksource: Switched to clocksource kvm-clock
[    6.429542] AppArmor: AppArmor Filesystem Enabled
[    6.441192] pnp: PnP ACPI init
[    6.451875] pnp: PnP ACPI: found 3 devices
[    6.558303] clocksource: acpi_pm: mask: 0xffffff max_cycles: 0xffffff, max_idle_ns: 2085701024 ns
[    6.606084] NET: Registered protocol family 2
[    6.626322] TCP established hash table entries: 8192 (order: 4, 65536 bytes)
[    6.657497] TCP bind hash table entries: 8192 (order: 5, 131072 bytes)
[    6.688413] TCP: Hash tables configured (established 8192 bind 8192)
[    6.717656] UDP hash table entries: 512 (order: 2, 16384 bytes)
[    6.733783] UDP-Lite hash table entries: 512 (order: 2, 16384 bytes)
[    6.755325] NET: Registered protocol family 1
[    6.769818] pci 0000:00:00.0: Limiting direct PCI/PCI transfers
[    6.788569] pci 0000:00:01.0: Activating ISA DMA hang workarounds
[    6.812877] Unpacking initramfs...
[    7.739432] Freeing initrd memory: 14888K
[    7.763315] clocksource: tsc: mask: 0xffffffffffffffff max_cycles: 0x2135fd711f6, max_idle_ns: 440795262176 ns
[    7.801842] platform rtc_cmos: registered platform RTC device (no PNP device found)
[    7.823096] Scanning for low memory corruption every 60 seconds
[    7.838161] audit: initializing netlink subsys (disabled)
[    7.853999] audit: type=2000 audit(1677505152.280:1): initialized
[    7.870495] Initialise system trusted keyring
[    7.884881] HugeTLB registered 2 MB page size, pre-allocated 0 pages
[    7.909330] zbud: loaded
[    7.921874] VFS: Disk quotas dquot_6.6.0
[    7.936068] VFS: Dquot-cache hash table entries: 512 (order 0, 4096 bytes)
[    7.955352] squashfs: version 4.0 (2009/01/31) Phillip Lougher
[    7.976766] fuse init (API version 7.23)
[    7.992128] Key type big_key registered
[    8.004575] Allocating IMA MOK and blacklist keyrings.
[    8.039568] Key type asymmetric registered
[    8.051520] Asymmetric key parser 'x509' registered
[    8.064582] Block layer SCSI generic (bsg) driver version 0.4 loaded (major 249)
[    8.083362] io scheduler noop registered
[    8.092036] io scheduler deadline registered (default)
[    8.104900] io scheduler cfq registered
[    8.113760] pci_hotplug: PCI Hot Plug PCI Core version: 0.5
[    8.126364] pciehp: PCI Express Hot Plug Controller Driver version: 0.4
[    8.140584] ACPI: AC Adapter [AC] (off-line)
[    8.151455] input: Power Button as /devices/LNXSYSTM:00/LNXPWRBN:00/input/input0
[    8.168229] ACPI: Power Button [PWRF]
[    8.176669] input: Sleep Button as /devices/LNXSYSTM:00/LNXSLPBN:00/input/input1
[    8.193724] ACPI: Sleep Button [SLPF]
[    8.203950] GHES: HEST is not enabled!
[    8.206299] ACPI: Battery Slot [BAT0] (battery present)
[    8.224616] Serial: 8250/16550 driver, 32 ports, IRQ sharing enabled
[    8.275707] 00:02: ttyS0 at I/O 0x3f8 (irq = 4, base_baud = 115200) is a 16550A
[    8.293873] Linux agpgart interface v0.103
[    8.317625] loop: module loaded
[    8.329913] scsi host0: ata_piix
[    8.339709] scsi host1: ata_piix
[    8.347293] ata1: PATA max UDMA/33 cmd 0x1f0 ctl 0x3f6 bmdma 0xd000 irq 14
[    8.361464] ata2: PATA max UDMA/33 cmd 0x170 ctl 0x376 bmdma 0xd008 irq 15
[    8.375729] libphy: Fixed MDIO Bus: probed
[    8.387303] tun: Universal TUN/TAP device driver, 1.6
[    8.401514] tun: (C) 1999-2004 Max Krasnyansky <maxk@qualcomm.com>
[    8.419004] PPP generic driver version 2.4.2
[    8.431076] ehci_hcd: USB 2.0 'Enhanced' Host Controller (EHCI) Driver
[    8.448752] ehci-pci: EHCI PCI platform driver
[    8.463444] ehci-platform: EHCI generic platform driver
[    8.478073] ohci_hcd: USB 1.1 'Open' Host Controller (OHCI) Driver
[    8.497047] ohci-pci: OHCI PCI platform driver
[    8.513266] ohci-platform: OHCI generic platform driver
[    8.533342] uhci_hcd: USB Universal Host Controller Interface driver
[    8.557255] i8042: PNP: PS/2 Controller [PNP0303:PS2K,PNP0f03:PS2M] at 0x60,0x64 irq 1,12
[    8.603694] serio: i8042 KBD port at 0x60,0x64 irq 1
[    8.624898] serio: i8042 AUX port at 0x60,0x64 irq 12
[    8.646197] mousedev: PS/2 mouse device common for all mice
[    8.676840] input: AT Translated Set 2 keyboard as /devices/platform/i8042/serio0/input/input2
[    8.718007] rtc_cmos rtc_cmos: rtc core: registered rtc_cmos as rtc0
[    8.747981] rtc_cmos rtc_cmos: alarms up to one day, 114 bytes nvram
[    8.770079] i2c /dev entries driver
[    8.785679] device-mapper: uevent: version 1.0.3
[    8.805859] device-mapper: ioctl: 4.34.0-ioctl (2015-10-28) initialised: dm-devel@redhat.com
[    8.828728] ledtrig-cpu: registered to indicate activity on CPUs
[    8.849038] NET: Registered protocol family 10
[    8.865685] NET: Registered protocol family 17
[    8.877741] Key type dns_resolver registered
[    8.895669] registered taskstats version 1
[    8.906285] Loading compiled-in X.509 certificates
[    8.920343] Loaded X.509 cert 'Build time autogenerated kernel key: cf00e047681d67edb2720680708b7d9498083038'
[    8.940601] zswap: loaded using pool lzo/zbud
[    8.967239] Key type trusted registered
[    9.001398] Key type encrypted registered
[    9.015630] AppArmor: AppArmor sha1 policy hashing enabled
[    9.033087] ima: No TPM chip found, activating TPM-bypass!
[    9.049611] ima: Allocated hash algorithm: sha1
[    9.063291] evm: HMAC attrs: 0x1
[    9.076065]   Magic number: 11:515:686
[    9.088528] rtc_cmos rtc_cmos: setting system clock to 2023-02-27 13:39:11 UTC (1677505151)
[    9.112857] BIOS EDD facility v0.16 2004-Jun-25, 0 devices found
[    9.131634] EDD information not available.
[    9.153994] Freeing unused kernel memory: 1492K
[    9.168527] Write protecting the kernel read-only data: 14336k
[    9.188113] Freeing unused kernel memory: 1584K
[    9.198681] Freeing unused kernel memory: 52K
Loading, please wait...
starting version 229
[    9.305451] random: systemd-udevd: uninitialized urandom read (16 bytes read, 10 bits of entropy available)
[    9.308012] random: udevadm: uninitialized urandom read (16 bytes read, 10 bits of entropy available)
[    9.308062] random: udevadm: uninitialized urandom read (16 bytes read, 10 bits of entropy available)
[    9.337729] random: udevadm: uninitialized urandom read (16 bytes read, 10 bits of entropy available)
[    9.337817] random: udevadm: uninitialized urandom read (16 bytes read, 10 bits of entropy available)
[    9.338237] random: udevadm: uninitialized urandom read (16 bytes read, 10 bits of entropy available)
[    9.338338] random: udevadm: uninitialized urandom read (16 bytes read, 10 bits of entropy available)
[    9.338446] random: udevadm: uninitialized urandom read (16 bytes read, 10 bits of entropy available)
[    9.338761] random: udevadm: uninitialized urandom read (16 bytes read, 10 bits of entropy available)
[    9.338866] random: udevadm: uninitialized urandom read (16 bytes read, 10 bits of entropy available)
[    9.669496] e1000: Intel(R) PRO/1000 Network Driver - version 7.3.21-k8-NAPI
[    9.694445] e1000: Copyright (c) 1999-2006 Intel Corporation.
[    9.722111] Fusion MPT base driver 3.04.20
[    9.735285] Copyright (c) 1999-2008 LSI Corporation
[    9.909199] Fusion MPT SPI Host driver 3.04.20
[    9.925978] SSE version of gcm_enc/dec engaged.
[   10.087328] input: ImExPS/2 Generic Explorer Mouse as /devices/platform/i8042/serio1/input/input4
[   11.129249] e1000 0000:00:03.0 eth0: (PCI:33MHz:32-bit) 02:be:82:6b:cc:1d
[   11.146793] e1000 0000:00:03.0 eth0: Intel(R) PRO/1000 Network Connection
[   11.163786] mptbase: ioc0: Initiating bringup
[   11.165348] e1000 0000:00:03.0 enp0s3: renamed from eth0
[   11.279268] ioc0: LSI53C1030 A0: Capabilities={Initiator}
[   11.513639] scsi host2: ioc0: LSI53C1030 A0, FwRev=00000000h, Ports=1, MaxQ=256, IRQ=20
[   11.660738] scsi 2:0:0:0: Direct-Access     VBOX     HARDDISK         1.0  PQ: 0 ANSI: 5
[   11.689046] scsi target2:0:0: Beginning Domain Validation
[   11.730373] scsi target2:0:0: Domain Validation skipping write tests
[   11.746679] scsi target2:0:0: Ending Domain Validation
[   11.760368] scsi target2:0:0: asynchronous
[   11.775267] scsi 2:0:1:0: Direct-Access     VBOX     HARDDISK         1.0  PQ: 0 ANSI: 5
[   11.795429] scsi target2:0:1: Beginning Domain Validation
[   11.828781] scsi target2:0:1: Domain Validation skipping write tests
[   11.849982] scsi target2:0:1: Ending Domain Validation
[   11.866073] scsi target2:0:1: asynchronous
[   11.948727] sd 2:0:0:0: Attached scsi generic sg0 type 0
[   11.961827] sd 2:0:0:0: [sda] 83886080 512-byte logical blocks: (42.9 GB/40.0 GiB)
[   11.972917] sd 2:0:1:0: [sdb] 20480 512-byte logical blocks: (10.5 MB/10.0 MiB)
[   11.974688] sd 2:0:1:0: Attached scsi generic sg1 type 0
[   11.974789] sd 2:0:1:0: [sdb] Write Protect is off
[   11.975810] sd 2:0:1:0: [sdb] Incomplete mode parameter data
[   11.975812] sd 2:0:1:0: [sdb] Assuming drive cache: write through
[   12.002123] sd 2:0:1:0: [sdb] Attached SCSI disk
[   12.082003] sd 2:0:0:0: [sda] Write Protect is off
[   12.100518] sd 2:0:0:0: [sda] Incomplete mode parameter data
[   12.116145] sd 2:0:0:0: [sda] Assuming drive cache: write through
[   12.153074]  sda: sda1
[   12.174225] sd 2:0:0:0: [sda] Attached SCSI disk
Begin: Loading essential drivers ... [   14.868415] md: linear personality registered for level -1
[   14.902637] md: multipath personality registered for level -4
[   14.932432] md: raid0 personality registered for level 0
[   14.999973] md: raid1 personality registered for level 1
[   15.993312] raid6: sse2x1   gen() 46271 MB/s
[   18.004731] raid6: sse2x1   xor() 47566 MB/s
[   20.013518] raid6: sse2x2   gen() 84333 MB/s
[   20.094765] raid6: sse2x2   xor()  3859 MB/s
[   20.180470] raid6: sse2x4   gen()  6209 MB/s
[   20.265854] raid6: sse2x4   xor()  4150 MB/s
[   20.279200] raid6: using algorithm sse2x2 gen() 84333 MB/s
[   20.294443] raid6: .... xor() 3859 MB/s, rmw enabled
[   20.309479] raid6: using ssse3x2 recovery algorithm
[   20.332712] xor: measuring software checksum speed
[   20.383051]    prefetch64-sse:  7642.000 MB/sec
[   20.430921]    generic_sse: 12682.000 MB/sec
[   20.438358] xor: using function: generic_sse (12682.000 MB/sec)
[   20.453014] async_tx: api initialized (async)
[   20.541584] md: raid6 personality registered for level 6
[   20.552608] md: raid5 personality registered for level 5
[   20.561468] md: raid4 personality registered for level 4
[   20.625117] md: raid10 personality registered for level 10
done.
Begin: Running /scripts/init-premount ... done.
Begin: Mounting root file system ... Begin: Running /scripts/local-top ... done.
Begin: Running /scripts/local-premount ... [   20.843991] Btrfs loaded
Scanning for Btrfs filesystems
done.
Warning: fsck not present, so skipping root file system
[   21.003971] EXT4-fs (sda1): mounted filesystem with ordered data mode. Opts: (null)
done.
Begin: Running /scripts/local-bottom ... done.
Begin: Running /scripts/init-bottom ... done.
[   21.509309] systemd[1]: systemd 229 running in system mode. (+PAM +AUDIT +SELINUX +IMA +APPARMOR +SMACK +SYSVINIT +UTMP +LIBCRYPTSETUP +GCRYPT +GNUTLS +ACL +XZ -LZ4 +SECCOMP +BLKID +ELFUTILS +KMOD -IDN)
[   21.552244] systemd[1]: Detected virtualization oracle.
[   21.566444] systemd[1]: Detected architecture x86-64.

Welcome to [1mUbuntu 16.04.7 LTS[0m!

[   21.600857] systemd[1]: Set hostname to <ubuntu>.
[   21.618931] systemd[1]: Initializing machine ID from random generator.
[   21.629232] systemd[1]: Installed transient /etc/machine-id file.
[   22.016158] random: nonblocking pool is initialized
[   22.497024] systemd[1]: Started Trigger resolvconf update for networkd DNS.
[[0;32m  OK  [0m] Started Trigger resolvconf update for networkd DNS.
[   22.534281] systemd[1]: Listening on udev Control Socket.
[[0;32m  OK  [0m] Listening on udev Control Socket.
[   22.559561] systemd[1]: Listening on Device-mapper event daemon FIFOs.
[[0;32m  OK  [0m] Listening on Device-mapper event daemon FIFOs.
[   22.589597] systemd[1]: Listening on Syslog Socket.
[[0;32m  OK  [0m] Listening on Syslog Socket.
[   22.613182] systemd[1]: Listening on LVM2 metadata daemon socket.
[[0;32m  OK  [0m] Listening on LVM2 metadata daemon socket.
[   22.641141] systemd[1]: Listening on Journal Socket (/dev/log).
[[0;32m  OK  [0m] Listening on Journal Socket (/dev/log).
[   22.669587] systemd[1]: Set up automount Arbitrary Executable File Formats File System Automount Point.
[[0;32m  OK  [0m] Set up automount Arbitrary Executab...ats File System Automount Point.
[   22.710851] systemd[1]: Created slice User and Session Slice.
[[0;32m  OK  [0m] Created slice User and Session Slice.
[   22.738229] systemd[1]: Reached target User and Group Name Lookups.
[[0;32m  OK  [0m] Reached target User and Group Name Lookups.
[   22.769027] systemd[1]: Created slice System Slice.
[[0;32m  OK  [0m] Created slice System Slice.
[   22.792078] systemd[1]: Created slice system-serial\x2dgetty.slice.
[[0;32m  OK  [0m] Created slice system-serial\x2dgetty.slice.
[   22.813950] systemd[1]: Reached target Slices.
[[0;32m  OK  [0m] Reached target Slices.
[   22.828093] systemd[1]: Started Forward Password Requests to Wall Directory Watch.
[[0;32m  OK  [0m] Started Forward Password Requests to Wall Directory Watch.
[   22.851149] systemd[1]: Reached target Swap.
[[0;32m  OK  [0m] Reached target Swap.
[   22.866309] systemd[1]: Listening on Journal Audit Socket.
[[0;32m  OK  [0m] Listening on Journal Audit Socket.
[   22.885883] systemd[1]: Listening on fsck to fsckd communication Socket.
[[0;32m  OK  [0m] Listening on fsck to fsckd communication Socket.
[   22.907640] systemd[1]: Reached target System Time Synchronized.
[[0;32m  OK  [0m] Reached target System Time Synchronized.
[   22.928450] systemd[1]: Listening on udev Kernel Socket.
[[0;32m  OK  [0m] Listening on udev Kernel Socket.
[   22.949326] systemd[1]: Listening on Journal Socket.
[[0;32m  OK  [0m] Listening on Journal Socket.
[   22.975114] systemd[1]: Starting Nameserver information manager...
         Starting Nameserver information manager...
[   23.009792] systemd[1]: Mounting Debug File System...
         Mounting Debug File System...
[   23.036781] systemd[1]: Mounting Huge Pages File System...
         Mounting Huge Pages File System...
[   23.061729] systemd[1]: Starting Monitoring of LVM2 mirrors, snapshots etc. using dmeventd or progress polling...
         Starting Monitoring of LVM2 mirrors... dmeventd or progress polling...
[   23.124821] systemd[1]: Starting File System Check on Root Device...
         Starting File System Check on Root Device...
[   23.163136] systemd[1]: Mounting POSIX Message Queue File System...
         Mounting POSIX Message Queue File System...
[   23.227841] systemd[1]: Starting Create list of required static device nodes for the current kernel...
         Starting Create list of required st... nodes for the current kernel...
[   23.290586] systemd[1]: Starting Uncomplicated firewall...
         Starting Uncomplicated firewall...
[   23.337437] systemd[1]: Starting Load Kernel Modules...
         Starting Load Kernel Modules...
[   23.413305] Loading iSCSI transport class v2.0-870.
[   23.414212] systemd[1]: Starting Journal Service...
         Starting Journal Service...
[   23.473494] systemd[1]: Starting Set console keymap...
         Starting Set console keymap...
[   23.520507] systemd[1]: Listening on /dev/initctl Compatibility Named Pipe.
[   23.540685] iscsi: registered transport (tcp)
[[0;32m  OK  [0m] Listening on /dev/initctl Compatibility Named Pipe.
[   23.557203] systemd[1]: Listening on LVM2 poll daemon socket.
[[0;32m  OK  [0m] Listening on LVM2 poll daemon socket.
[   23.582371] systemd[1]: Reached target Encrypted Volumes.
[[0;32m  OK  [0m] Reached target Encrypted Volumes.
[   23.653232] systemd[1]: Mounted Huge Pages File System.
[[0;32m  OK  [0m] Mounted Huge Pages File System.
[   23.688540] systemd[1]: Mounted POSIX Message Queue File System.
[[0;32m  OK  [0m] Mounted POSIX Message Queue File System.
[   23.737954] systemd[1]: Mounted Debug File System.
[[0;32m  OK  [0m] Mounted Debug File System.
[   23.777566] systemd[1]: Started Journal Service.
[[0;32m  OK  [0m] Started Journal Service.
[[0;32m  OK  [0m] Started File System Check on Root Device.
[[0;32m  OK  [0m] Started Create list of required sta...ce nodes for the current kernel.
[[0;32m  OK  [0m] Started Uncomplicated firewall.
[[0;32m  OK  [0m] Started Set console keymap.[   23.929956] iscsi: registered transport (iser)

[[0;32m  OK  [0m] Started Nameserver information manager.
[[0;32m  OK  [0m] Started Load Kernel Modules.
[[0;32m  OK  [0m] Started File System Check Daemon to report status.
[[0;32m  OK  [0m] Started LVM2 metadata daemon.
         Starting Apply Kernel Variables...
         Mounting FUSE Control File System...
         Starting Create Static Device Nodes in /dev...
         Starting Remount Root and Kernel File Systems...
[[0;32m  OK  [0m] Mounted FUSE Control File System.
[[0;32m  OK  [0m] Started Apply Kernel Variables.
[[0;32m  OK  [0m] Started Create Static Device Nodes in /dev.
[[0;32m  OK  [0m] Started Remount Root and Kernel File Systems.
         Starting Flush Journal to Persistent Storage...
         Starting udev Coldplug all Devices...
         Starting Load/Save Random Seed...
         Starting udev Kernel Device Manager...
[[0;32m  OK  [0m] Started Monitoring of LVM2 mirrors,...ng dmeventd or progress polling.
[[0;32m  OK  [0m] Started Load/Save Random Seed.
[[0;32m  OK  [0m] Started Flush Journal to Persistent Storage.
[[0;32m  OK  [0m] Started udev Coldplug all Devices.
[[0;32m  OK  [0m] Started udev Kernel Device Manager.
[[0;32m  OK  [0m] Started Dispatch Password Requests to Console Directory Watch.
[[0;32m  OK  [0m] Reached target Local File Systems (Pre).
[[0;32m  OK  [0m] Reached target Local File Systems.
         Starting Create Volatile Files and Directories...
         Starting Commit a transient machine-id on disk...
         Starting Initial cloud-init job (pre-networking)...
         Starting Tell Plymouth To Write Out Runtime Data...
         Starting LSB: AppArmor initialization...
         Starting Set console font and keymap...
[[0;32m  OK  [0m] Started Create Volatile Files and Directories.
[[0;32m  OK  [0m] Started Commit a transient machine-id on disk.
[[0;32m  OK  [0m] Started Tell Plymouth To Write Out Runtime Data.
         Starting Update UTMP about System Boot/Shutdown...
[[0;32m  OK  [0m] Started Update UTMP about System Boot/Shutdown.
[[0;32m  OK  [0m] Found device /dev/ttyS0.
[[0;32m  OK  [0m] Listening on Load/Save RF Kill Switch Status /dev/rfkill Watch.
[[0;32m  OK  [0m] Started LSB: AppArmor initialization.
         Starting Load AppArmor profiles managed internally by snapd...
[[0;32m  OK  [0m] Started Load AppArmor profiles managed internally by snapd.
[   26.058429] cloud-init[510]: Cloud-init v. 21.1-19-gbad84ad4-0ubuntu1~16.04.2 running 'init-local' at Mon, 27 Feb 2023 13:39:32 +0000. Up 25.16 seconds.
[[0;32m  OK  [0m] Started Initial cloud-init job (pre-networking).
[[0;32m  OK  [0m] Reached target Network (Pre).
         Starting Raise network interfaces...
[[0;32m  OK  [0m] Started Set console font and keymap.
[[0;32m  OK  [0m] Created slice system-getty.slice.
[[0;32m  OK  [0m] Started Raise network interfaces.
[[0;32m  OK  [0m] Reached target Network.
         Starting Initial cloud-init job (metadata service crawler)...
[   30.643935] cloud-init[966]: Cloud-init v. 21.1-19-gbad84ad4-0ubuntu1~16.04.2 running 'init' at Mon, 27 Feb 2023 13:39:36 +0000. Up 29.29 seconds.
[   30.663334] cloud-init[966]: ci-info: ++++++++++++++++++++++++++++++++++++++Net device info++++++++++++++++++++++++++++++++++++++
[   30.678809] cloud-init[966]: ci-info: +--------+------+----------------------------+---------------+--------+-------------------+
[   30.693004] cloud-init[966]: ci-info: | Device |  Up  |          Address           |      Mask     | Scope  |     Hw-Address    |
[   30.708809] cloud-init[966]: ci-info: +--------+------+----------------------------+---------------+--------+-------------------+
[   30.722715] cloud-init[966]: ci-info: | enp0s3 | True |         10.0.2.15          | 255.255.255.0 | global | 02:be:82:6b:cc:1d |
[   30.735722] cloud-init[966]: ci-info: | enp0s3 | True | fe80::be:82ff:fe6b:cc1d/64 |       .       |  link  | 02:be:82:6b:cc:1d |
[   30.748202] cloud-init[966]: ci-info: |   lo   | True |         127.0.0.1          |   255.0.0.0   |  host  |         .         |
[   30.759596] cloud-init[966]: ci-info: |   lo   | True |          ::1/128           |       .       |  host  |         .         |
[   30.770817] cloud-init[966]: ci-info: +--------+------+----------------------------+---------------+--------+-------------------+
[   30.781155] cloud-init[966]: ci-info: +++++++++++++++++++++++++++Route IPv4 info++++++++++++++++++++++++++++
[   30.789574] cloud-init[966]: ci-info: +-------+-------------+----------+---------------+-----------+-------+
[   30.798573] cloud-init[966]: ci-info: | Route | Destination | Gateway  |    Genmask    | Interface | Flags |
[   30.809461] cloud-init[966]: ci-info: +-------+-------------+----------+---------------+-----------+-------+
[   30.818455] cloud-init[966]: ci-info: |   0   |   0.0.0.0   | 10.0.2.2 |    0.0.0.0    |   enp0s3  |   UG  |
[   30.827454] cloud-init[966]: ci-info: |   1   |   10.0.2.0  | 0.0.0.0  | 255.255.255.0 |   enp0s3  |   U   |
[   30.837165] cloud-init[966]: ci-info: +-------+-------------+----------+---------------+-----------+-------+
[   30.848002] cloud-init[966]: ci-info: +++++++++++++++++++Route IPv6 info+++++++++++++++++++
[   30.858527] cloud-init[966]: ci-info: +-------+-------------+---------+-----------+-------+
[   30.867592] cloud-init[966]: ci-info: | Route | Destination | Gateway | Interface | Flags |
[   30.877791] cloud-init[966]: ci-info: +-------+-------------+---------+-----------+-------+
[   30.887325] cloud-init[966]: ci-info: |   0   |  fe80::/64  |    ::   |   enp0s3  |   U   |
[   30.898615] cloud-init[966]: ci-info: |   3   |   ff00::/8  |    ::   |   enp0s3  |   U   |
[   30.911813] cloud-init[966]: ci-info: +-------+-------------+---------+-----------+-------+
[[0;32m  OK  [0m] Started Initial cloud-init job (metadata service crawler).
[[0;32m  OK  [0m] Reached target Cloud-config availability.
[[0;32m  OK  [0m] Reached target System Initialization.
[[0;32m  OK  [0m] Listening on UUID daemon activation socket.
[[0;32m  OK  [0m] Started Ubuntu Advantage update messaging.
[   30.933027] cloud-init[966]: Generating public/private rsa key pair.
         Starting LXD - unix socket.
[   30.962273]          Starting Socket activation for snappy daemon.
[[0;32m  OK  [0m] Started Daily Cleanup of Temporary Directories.
[[0;32m  OK  [0m] Started Daily apt download activities.
[[0;32m  OK  [0m] Started Daily apt upgrade and clean activities.
[[0;32m  OK  [0m] Started Message of the Day.
[[0;32m  OK  [0m] Reached target Timers.
cloud-init[[0;32m  OK  [0m] Started ACPI Events Check.
[[0;32m  OK  [0m] Reached target Paths.
[[0;32m  OK  [0m] Listening on D-Bus System Message Bus Socket.
[[0;32m  OK  [0m] Listening on ACPID Listen Socket.
[[0;32m  OK  [0m] Reached target Network is Online.
[966]: Your identification has been saved in /etc/ssh/ssh_host_rsa_key.
         Starting iSCSI initiator daemon (iscsid)...
[[   31.014596] cloud-init[0;32m  OK  [0m] Listening on LXD - unix socket.
[[0;32m  OK  [0m] Listening on Socket activation for snappy daemon.
[[0;32m  OK  [0m] Reached target Sockets.
[[0;32m  OK  [0m] Reached target Basic System.
         Starting Pollinate to seed the pseudo random number generator...
         Starting System Logging Service...
[[0;32m  OK  [0m] Started D-Bus System Message Bus.
[966]: Your public key has been saved in /etc/ssh/ssh_host_rsa_key.pub.
[   31.072236] cloud-init[966]: The key fingerprint is:
[   31.117432] cloud-init[966]: SHA256:6OrAHffSucoLfX5MSfYKZ9RDhCKbbY2CJacjreWwGPo root@ubuntu-xenial
[   31.142951] cloud-init[966]: The key's randomart image is:
[   31.161988] cloud-init[966]: +---[RSA 2048]----+
[   31.178044]          Starting LSB: MD monitoring daemon...
         Starting LSB: Record successful boot for GRUB...
         Starting Accounts Service...
cloud-init[[0;32m  OK  [0m] Started Deferred execution scheduler.
[966]:          Starting Login Service...
         Starting /etc/rc.local Compatibility...
[[0;32m  OK  [0m] Started FUSE filesystem for LXC.
|           o.    |[[0;32m  OK  [0m] Started Regular background program processing daemon.
         Starting Virtualbox guest utils...
[[0;32m  OK  [0m] Started ACPI event daemon.
         Starting Snap Daemon...
         Starting LXD - container startup/shutdown...
[[0;32m  OK  [0m] Started System Logging Service.
[[0;32m  OK  [0m] Started /etc/rc.local Compatibility.

[[0;32m  OK  [0m] Started iSCSI initiator daemon (iscsid).
         Starting Login to default iSCSI targets...
[[0;32m  OK  [0m] Started Login Service.
[[0;32m  OK  [0m] Started Unattended Upgrades Shutdown.
[   31.319035] cloud-init[966]: |    . + . . .    |
[   31.586145] cloud-init[966]: |   . * = + o     |
[   31.668928]          Starting Authenticate and Authorize Users to Run Privileged Tasks...
cloud-init[966]: [[0;32m  OK  [0m] Started LSB: MD monitoring daemon.
|. o * +.+ = o    |
[[0;32m  OK  [0m] Started Login to default iSCSI targets.
[[0;32m  OK  [0m] Reached target Remote File Systems (Pre).
[[0;32m  OK  [0m] Reached target Remote File Systems.
         Starting LSB: daemon to balance interrupts for SMP systems...
         Starting LSB: automatic crash report generation...
         Starting Permit User Sessions...
[   31.805254]          Starting LSB: Set the CPU Frequency Scaling governor to "ondemand"...
cloud-init[[0;32m  OK  [0m] Started Permit User Sessions.
         Starting Terminate Plymouth Boot Screen...
         Starting Hold until boot process finishes up...
[[0;32m  OK  [0m] Started LSB: Record successful boot for GRUB.
[[0;32m  OK  [0m] Started Hold until boot process finishes up.
[[0;32m  OK  [0m] Started Serial Getty on ttyS0.
[[0;32m  OK  [0m] Started Getty on tty1.
[966]: [[0;32m  OK  [0m] Reached target Login Prompts.
         Starting Set console scheme...
|.o B..ooS+ o .   |
[   32.051382] [[0;32m  OK  [0m] Started Terminate Plymouth Boot Screen.
cloud-init[[0;32m  OK  [0m] Started Authenticate and Authorize Users to Run Privileged Tasks.
[966]: |o.o..= o..= .    |[[0;32m  OK  [0m] Started Accounts Service.

[   32.147425] cloud-init[966]: | .o o + =* .     |
[[0;32m  OK  [0m] Started Set console scheme.
[[0;32m  OK  [0m] Started LSB: Set the CPU Frequency Scaling governor to "ondemand".
[   32.250184] cloud-init[966]: |  E. + + .+      |
[[0;32m  OK  [0m] Started LSB: daemon to balance interrupts for SMP systems.
[[0;32m  OK  [0m] Started LSB: automatic crash report generation.
[   32.382456] cloud-init[966]: |   .o +oo.       |
[   32.431843] cloud-init[966]: +----[SHA256]-----+[[0;32m  OK  [0m] Started LXD - container startup/shutdown.

[   32.489576] cloud-init[966]: Generating public/private dsa key pair.
[   32.546487] cloud-init[966]: Your identification has been saved in /etc/ssh/ssh_host_dsa_key.
[   32.577733] cloud-init[966]: Your public key has been saved in /etc/ssh/ssh_host_dsa_key.pub.
[   32.617156] cloud-init[966]: The key fingerprint is:
[   32.643672] cloud-init[966]: SHA256:fBxTUZo9Ko7EU2dZ/Ccc7GWWQ+naSCnOQ+SgSOLGnsQ root@ubuntu-xenial
[   32.668927] cloud-init[966]: The key's randomart image is:
[   32.726623] cloud-init[966]: +---[DSA 1024]----+
[[0;32m  OK  [0m] Started Virtualbox guest utils.
[   32.769296] cloud-init[966]: |            o=+.o|
[   32.809373] cloud-init[966]: |   . .   . o *+++|
[   32.827184] cloud-init[966]: |  + o . . B *o=*.|
[   32.868166] cloud-init[966]: |   E . + o O ++oo|
[   32.888267] cloud-init[966]: |  + .   S B + +..|
[   32.915649] cloud-init[966]: |   o   . = = o . |
[[0;32m  OK  [0m] Started Pollinate to seed the pseudo random number generator.
[   32.943003] cloud-init[966]: |        . . .    |
[   32.967375] cloud-init[966]: |                 |
         Starting OpenBSD Secure Shell server...
[   33.000419] cloud-init[966]: |                 |
[   33.035152] cloud-init[966]: +----[SHA256]-----+
[   33.063878] cloud-init[966]: Generating public/private ecdsa key pair.
[   33.074456] cloud-init[966]: Your identification has been saved in /etc/ssh/ssh_host_ecdsa_key.
[   33.089735] cloud-init[966]: Your public key has been saved in /etc/ssh/ssh_host_ecdsa_key.pub.
[   33.140928] [[0;32m  OK  [0m] Started OpenBSD Secure Shell server.
cloud-init[966]: The key fingerprint is:
[   33.170982] cloud-init[966]: SHA256:Jx3QJWiHRhZzpBqjgIcymylwmfcR5/2n05iTmmHvtYM root@ubuntu-xenial
[   33.203479] cloud-init[966]: The key's randomart image is:
[   33.242144] cloud-init[966]: +---[ECDSA 256]---+
[   33.313143] cloud-init[966]: |      ..B*+..    |
[   33.337910] cloud-init[966]: | o o   ==*o.     |
[   33.363332] cloud-init[966]: |* * . +oo.o      |
[   33.379430] cloud-init[966]: |oB o o = . o     |
[   33.403251] cloud-init[966]: |=   . o S o . .  |
[   33.441681] cloud-init[966]: |.        o   B   |
[   33.497501] cloud-init[966]: |          o B.o  |
[   33.522298] [[0;32m  OK  [0m] Created slice User Slice of vagrant.
cloud-init[966]: |         . =E+.. |
         Starting User Manager for UID 1000...
[   33.614055] [[0;32m  OK  [0m] Started Session 1 of user vagrant.
cloud-init[966]: |          o.o .. |
[   33.677420] cloud-init[966]: +----[SHA256]-----+
[   33.690178] cloud-init[966]: Generating public/private ed25519 key pair.
[   33.725608] cloud-init[966]: Your identification has been saved in /etc/ssh/ssh_host_ed25519_key.
[   33.750215] cloud-init[966]: Your public key has been saved in /etc/ssh/ssh_host_ed25519_key.pub.
[[0;32m  OK  [0m] Started Snap Daemon.
[   33.782527] cloud-init[966]: The key fingerprint is:
         Starting Wait until snapd is fully seeded...
[[0;32m  OK  [0m] Started User Manager for UID 1000.
[   33.826282] cloud-init[966]: SHA256:7mEqwcQnIdpW3oW10iLbZ6FP74j4dO19G9KNoGkdtYE root@ubuntu-xenial
[   33.943191] cloud-init[966]: The key's randomart image is:
[   33.978125] cloud-init[966]: +--[ED25519 256]--+
[   34.274657] cloud-init[966]: |       o.        |
[   34.345906] cloud-init[966]: |  . o ....   .   |
[   34.376638] cloud-init[966]: | o =.oo.+   E o  |
[   34.394489] cloud-init[966]: |. o =+o+ .   . o |
[   34.412556] cloud-init[966]: | . o.oo S   o .  |
[   34.454896] cloud-init[966]: |    o  * o + + o |
[   34.483851] cloud-init[966]: |     .. * * o + .|
[   34.539501] cloud-init[966]: |    .o * * . ... |
[   34.578883] cloud-init[966]: |    .o+ o o .... |
[   34.644888] cloud-init[966]: +----[SHA256]-----+
[[0;32m  OK  [0m] Started Wait until snapd is fully seeded.
         Starting Apply the settings specified in cloud-config...
[[0;32m  OK  [0m] Reached target Multi-User System.
[[0;32m  OK  [0m] Reached target Graphical Interface.
         Starting Update UTMP about System Runlevel Changes...
[[0;32m  OK  [0m] Started Update UTMP about System Runlevel Changes.

Ubuntu 16.04.7 LTS ubuntu-xenial ttyS0

ubuntu-xenial login: [   38.629101] cloud-init[1412]: Generating locales (this might take a while)...
[   41.522320] cloud-init[1412]:   en_US.UTF-8... done
[   41.527702] cloud-init[1412]: Generation complete.
[   42.572566] cloud-init[1412]: Cloud-init v. 21.1-19-gbad84ad4-0ubuntu1~16.04.2 running 'modules:config' at Mon, 27 Feb 2023 13:39:45 +0000. Up 37.90 seconds.
ci-info: no authorized SSH keys fingerprints found for user ubuntu.
<14>Feb 27 13:39:50 ec2: 
<14>Feb 27 13:39:50 ec2: #############################################################
<14>Feb 27 13:39:50 ec2: -----BEGIN SSH HOST KEY FINGERPRINTS-----
<14>Feb 27 13:39:50 ec2: 1024 SHA256:fBxTUZo9Ko7EU2dZ/Ccc7GWWQ+naSCnOQ+SgSOLGnsQ root@ubuntu-xenial (DSA)
<14>Feb 27 13:39:50 ec2: 256 SHA256:Jx3QJWiHRhZzpBqjgIcymylwmfcR5/2n05iTmmHvtYM root@ubuntu-xenial (ECDSA)
<14>Feb 27 13:39:50 ec2: 256 SHA256:7mEqwcQnIdpW3oW10iLbZ6FP74j4dO19G9KNoGkdtYE root@ubuntu-xenial (ED25519)
<14>Feb 27 13:39:50 ec2: 2048 SHA256:6OrAHffSucoLfX5MSfYKZ9RDhCKbbY2CJacjreWwGPo root@ubuntu-xenial (RSA)
<14>Feb 27 13:39:50 ec2: -----END SSH HOST KEY FINGERPRINTS-----
<14>Feb 27 13:39:50 ec2: #############################################################
-----BEGIN SSH HOST KEY KEYS-----
ecdsa-sha2-nistp256 AAAAE2VjZHNhLXNoYTItbmlzdHAyNTYAAAAIbmlzdHAyNTYAAABBBNFKmRwivEa1e+K8hTPbZ2M/eIIg9uwC+ACrN6L1kDPbjj+MoGhiAOHtKOjWa0DsFoDt1IJL5JKa1z/SPFuHRjo= root@ubuntu-xenial
ssh-ed25519 AAAAC3NzaC1lZDI1NTE5AAAAIBwPQGLP/JH1JcO28QBpMdYY62H2WYqerS96GZZNh6ND root@ubuntu-xenial
ssh-rsa AAAAB3NzaC1yc2EAAAADAQABAAABAQDZl8limMmuEZOF3FgqE80QisI8O60taYJK0A14M3f8i8NzV3ZWgZWCQDvLrtUFtc7lvbNHceB86/dYuIpF/wGaqIl5cNlIsiYj0v831r3abZAcAVXC6O3Z8fWEkEvRE/bbAiE2pu8tBK/0zxYdu5NAo/GMjc9Izz3f3qAunvDO9Z0u8T5NbhP8TsNd1cBalmclX1VERYmExBMnrS+N880ctNWtfwK6LnZRevfSxVj0JruJEWdq8Yg8W8wS18eOZplsC0t1jAirYciGMcmKcyMaLzuRNuih+JqLCvVce6B782yd2jBLJmHvIOFwV2+9L/DUrCDeVPx9RbebpPTmCCwp root@ubuntu-xenial
-----END SSH HOST KEY KEYS-----
[   43.610984] cloud-init[1601]: Cloud-init v. 21.1-19-gbad84ad4-0ubuntu1~16.04.2 running 'modules:final' at Mon, 27 Feb 2023 13:39:50 +0000. Up 43.23 seconds.
[   43.627623] cloud-init[1601]: ci-info: no authorized SSH keys fingerprints found for user ubuntu.
[   43.638378] cloud-init[1601]: Cloud-init v. 21.1-19-gbad84ad4-0ubuntu1~16.04.2 finished at Mon, 27 Feb 2023 13:39:50 +0000. Datasource DataSourceNoCloud [seed=/dev/sdb][dsmode=net].  Up 43.53 seconds
